{"numTotalTestSuites":2,"numPassedTestSuites":0,"numFailedTestSuites":2,"numPendingTestSuites":0,"numTotalTests":2,"numPassedTests":0,"numFailedTests":2,"numPendingTests":0,"numTodoTests":0,"snapshot":{"added":0,"failure":false,"filesAdded":0,"filesRemoved":0,"filesRemovedList":[],"filesUnmatched":0,"filesUpdated":0,"matched":0,"total":0,"unchecked":0,"uncheckedKeysByFile":[],"unmatched":0,"updated":0,"didUpdate":false},"startTime":1772134307511,"success":false,"testResults":[{"assertionResults":[{"ancestorTitles":["Rising Sun Expansion - Prophecies & Omen"],"fullName":"Rising Sun Expansion - Prophecies & Omen should remove a Sun token when an Omen card is played","status":"failed","title":"should remove a Sun token when an Omen card is played","duration":8.766699999999673,"failureMessages":["AssertionError: expected 5 to be 4 // Object.is equality\n    at D:/Jeux/Developpement/dominion/server/tests/RisingSunProphecies.test.ts:32:70\n    at file:///D:/Jeux/Developpement/dominion/node_modules/@vitest/runner/dist/index.js:145:11\n    at file:///D:/Jeux/Developpement/dominion/node_modules/@vitest/runner/dist/index.js:915:26\n    at file:///D:/Jeux/Developpement/dominion/node_modules/@vitest/runner/dist/index.js:1243:20\n    at new Promise (<anonymous>)\n    at runWithTimeout (file:///D:/Jeux/Developpement/dominion/node_modules/@vitest/runner/dist/index.js:1209:10)\n    at file:///D:/Jeux/Developpement/dominion/node_modules/@vitest/runner/dist/index.js:1653:37\n    at Traces.$ (file:///D:/Jeux/Developpement/dominion/node_modules/vitest/dist/chunks/traces.CCmnQaNT.js:142:27)\n    at trace (file:///D:/Jeux/Developpement/dominion/node_modules/vitest/dist/chunks/test.B8ej_ZHS.js:239:21)\n    at runTest (file:///D:/Jeux/Developpement/dominion/node_modules/@vitest/runner/dist/index.js:1653:12)"],"meta":{}},{"ancestorTitles":["Rising Sun Expansion - Prophecies & Omen"],"fullName":"Rising Sun Expansion - Prophecies & Omen should fulfill prophecy when tokens reach zero","status":"failed","title":"should fulfill prophecy when tokens reach zero","duration":1.4845000000000255,"failureMessages":["AssertionError: expected false to be true // Object.is equality\n    at D:/Jeux/Developpement/dominion/server/tests/RisingSunProphecies.test.ts:51:69\n    at file:///D:/Jeux/Developpement/dominion/node_modules/@vitest/runner/dist/index.js:145:11\n    at file:///D:/Jeux/Developpement/dominion/node_modules/@vitest/runner/dist/index.js:915:26\n    at file:///D:/Jeux/Developpement/dominion/node_modules/@vitest/runner/dist/index.js:1243:20\n    at new Promise (<anonymous>)\n    at runWithTimeout (file:///D:/Jeux/Developpement/dominion/node_modules/@vitest/runner/dist/index.js:1209:10)\n    at file:///D:/Jeux/Developpement/dominion/node_modules/@vitest/runner/dist/index.js:1653:37\n    at Traces.$ (file:///D:/Jeux/Developpement/dominion/node_modules/vitest/dist/chunks/traces.CCmnQaNT.js:142:27)\n    at trace (file:///D:/Jeux/Developpement/dominion/node_modules/vitest/dist/chunks/test.B8ej_ZHS.js:239:21)\n    at runTest (file:///D:/Jeux/Developpement/dominion/node_modules/@vitest/runner/dist/index.js:1653:12)"],"meta":{}}],"startTime":1772134311405,"endTime":1772134311414.4846,"status":"failed","message":"","name":"D:/Jeux/Developpement/dominion/server/tests/RisingSunProphecies.test.ts"}]}
